<?xml version="1.0" encoding="UTF-8"?>
<!-- Generated by org.testng.reporters.JUnitReportReporter -->
<testsuite hostname="Prateek" failures="0" tests="1" name="scripts.TestCase2" time="6.001" errors="0" timestamp="2022-07-30T17:03:30 IST" skipped="0">
  <testcase classname="scripts.TestCase2" name="tc2" time="6.001"/>
  <system-out/>
</testsuite> <!-- scripts.TestCase2 -->
