<?xml version="1.0" encoding="UTF-8"?>
<!-- Generated by org.testng.reporters.JUnitReportReporter -->
<testsuite hostname="Prateek" failures="0" tests="1" name="scripts.TestCase1" time="7.673" errors="0" timestamp="2022-07-30T17:03:30 IST" skipped="0">
  <testcase classname="scripts.TestCase1" name="tc1" time="7.673"/>
  <system-out/>
</testsuite> <!-- scripts.TestCase1 -->
