<?xml version="1.0" encoding="UTF-8"?>
<!-- Generated by org.testng.reporters.JUnitReportReporter -->
<testsuite hostname="Prateek" failures="0" tests="1" name="scripts.TestCase3" time="17.872" errors="0" timestamp="2022-07-30T17:03:30 IST" skipped="0">
  <testcase classname="scripts.TestCase3" name="tc3" time="17.872"/>
  <system-out/>
</testsuite> <!-- scripts.TestCase3 -->
