<?xml version="1.0" encoding="UTF-8"?>
<!-- Generated by org.testng.reporters.JUnitReportReporter -->
<testsuite hostname="Prateek" failures="0" tests="1" name="scripts.TestCase1" time="6.160" errors="0" timestamp="2022-07-11T08:50:05 IST" skipped="0">
  <testcase classname="scripts.TestCase1" name="tc1" time="6.160"/>
  <system-out/>
</testsuite> <!-- scripts.TestCase1 -->
